2022.01.08 18:52:59 CET  Updating cluster description to  {type=STANDALONE, servers=[{address=localhost:27017, type=STANDALONE, roundTripTime=3.8 ms, state=CONNECTED}]
2022.01.08 18:52:59 CET  Checking status of localhost:27017
2022.01.08 18:53:00 CET  Sending command '{"ismaster": 1, "$db": "admin"}' with request id 27 to database admin on connection [connectionId{localValue:2, serverValue:47}] to server localhost:27017
2022.01.08 18:53:00 CET  Execution of command with request id 27 completed successfully in 1.19 ms on connection [connectionId{localValue:2, serverValue:47}] to server localhost:27017
2022.01.08 18:53:09 CET  Updating cluster description to  {type=STANDALONE, servers=[{address=localhost:27017, type=STANDALONE, roundTripTime=3.5 ms, state=CONNECTED}]
2022.01.08 18:53:09 CET  Checking status of localhost:27017
2022.01.08 18:53:10 CET  Sending command '{"ismaster": 1, "$db": "admin"}' with request id 28 to database admin on connection [connectionId{localValue:2, serverValue:47}] to server localhost:27017
2022.01.08 18:53:10 CET  Execution of command with request id 28 completed successfully in 5.04 ms on connection [connectionId{localValue:2, serverValue:47}] to server localhost:27017
2022.01.08 18:53:19 CET  Updating cluster description to  {type=STANDALONE, servers=[{address=localhost:27017, type=STANDALONE, roundTripTime=4.0 ms, state=CONNECTED}]
2022.01.08 18:53:19 CET  Checking status of localhost:27017
2022.01.08 18:53:20 CET  Sending command '{"ismaster": 1, "$db": "admin"}' with request id 29 to database admin on connection [connectionId{localValue:2, serverValue:47}] to server localhost:27017
2022.01.08 18:53:20 CET  Execution of command with request id 29 completed successfully in 1.45 ms on connection [connectionId{localValue:2, serverValue:47}] to server localhost:27017
2022.01.08 18:53:29 CET  Updating cluster description to  {type=STANDALONE, servers=[{address=localhost:27017, type=STANDALONE, roundTripTime=4.0 ms, state=CONNECTED}]
2022.01.08 18:53:29 CET  Checking status of localhost:27017
2022.01.08 18:53:30 CET  Sending command '{"ismaster": 1, "$db": "admin"}' with request id 30 to database admin on connection [connectionId{localValue:2, serverValue:47}] to server localhost:27017
2022.01.08 18:53:30 CET  Execution of command with request id 30 completed successfully in 1.35 ms on connection [connectionId{localValue:2, serverValue:47}] to server localhost:27017
2022.01.08 18:53:39 CET  Updating cluster description to  {type=STANDALONE, servers=[{address=localhost:27017, type=STANDALONE, roundTripTime=3.6 ms, state=CONNECTED}]
2022.01.08 18:53:39 CET  Checking status of localhost:27017
2022.01.08 18:53:40 CET  Sending command '{"ismaster": 1, "$db": "admin"}' with request id 31 to database admin on connection [connectionId{localValue:2, serverValue:47}] to server localhost:27017
2022.01.08 18:53:40 CET  Execution of command with request id 31 completed successfully in 2.36 ms on connection [connectionId{localValue:2, serverValue:47}] to server localhost:27017
2022.01.08 18:53:49 CET  Updating cluster description to  {type=STANDALONE, servers=[{address=localhost:27017, type=STANDALONE, roundTripTime=3.6 ms, state=CONNECTED}]
2022.01.08 18:53:49 CET  Checking status of localhost:27017
2022.01.08 18:53:50 CET  Sending command '{"ismaster": 1, "$db": "admin"}' with request id 32 to database admin on connection [connectionId{localValue:2, serverValue:47}] to server localhost:27017
2022.01.08 18:53:50 CET  Execution of command with request id 32 completed successfully in 1.54 ms on connection [connectionId{localValue:2, serverValue:47}] to server localhost:27017
2022.01.08 18:53:59 CET  Updating cluster description to  {type=STANDALONE, servers=[{address=localhost:27017, type=STANDALONE, roundTripTime=3.3 ms, state=CONNECTED}]
2022.01.08 18:53:59 CET  Checking status of localhost:27017
2022.01.08 18:54:00 CET  Sending command '{"ismaster": 1, "$db": "admin"}' with request id 33 to database admin on connection [connectionId{localValue:2, serverValue:47}] to server localhost:27017
2022.01.08 18:54:00 CET  Execution of command with request id 33 completed successfully in 1.86 ms on connection [connectionId{localValue:2, serverValue:47}] to server localhost:27017
2022.01.08 18:54:09 CET  Updating cluster description to  {type=STANDALONE, servers=[{address=localhost:27017, type=STANDALONE, roundTripTime=3.2 ms, state=CONNECTED}]
2022.01.08 18:54:09 CET  Checking status of localhost:27017
2022.01.08 18:54:10 CET  Sending command '{"ismaster": 1, "$db": "admin"}' with request id 34 to database admin on connection [connectionId{localValue:2, serverValue:47}] to server localhost:27017
2022.01.08 18:54:10 CET  Execution of command with request id 34 completed successfully in 1.98 ms on connection [connectionId{localValue:2, serverValue:47}] to server localhost:27017
2022.01.08 18:54:19 CET  Updating cluster description to  {type=STANDALONE, servers=[{address=localhost:27017, type=STANDALONE, roundTripTime=3.2 ms, state=CONNECTED}]
2022.01.08 18:54:19 CET  Checking status of localhost:27017
2022.01.08 18:54:20 CET  Sending command '{"ismaster": 1, "$db": "admin"}' with request id 35 to database admin on connection [connectionId{localValue:2, serverValue:47}] to server localhost:27017
2022.01.08 18:54:20 CET  Execution of command with request id 35 completed successfully in 1.72 ms on connection [connectionId{localValue:2, serverValue:47}] to server localhost:27017
2022.01.08 18:54:29 CET  Updating cluster description to  {type=STANDALONE, servers=[{address=localhost:27017, type=STANDALONE, roundTripTime=3.1 ms, state=CONNECTED}]
2022.01.08 18:54:29 CET  Checking status of localhost:27017
2022.01.08 18:54:30 CET  Sending command '{"ismaster": 1, "$db": "admin"}' with request id 36 to database admin on connection [connectionId{localValue:2, serverValue:47}] to server localhost:27017
2022.01.08 18:54:30 CET  Execution of command with request id 36 completed successfully in 1.53 ms on connection [connectionId{localValue:2, serverValue:47}] to server localhost:27017
2022.01.08 18:54:39 CET  Updating cluster description to  {type=STANDALONE, servers=[{address=localhost:27017, type=STANDALONE, roundTripTime=3.0 ms, state=CONNECTED}]
2022.01.08 18:54:39 CET  Checking status of localhost:27017
2022.01.08 18:54:40 CET  Sending command '{"ismaster": 1, "$db": "admin"}' with request id 37 to database admin on connection [connectionId{localValue:2, serverValue:47}] to server localhost:27017
2022.01.08 18:54:40 CET  Execution of command with request id 37 completed successfully in 1.36 ms on connection [connectionId{localValue:2, serverValue:47}] to server localhost:27017
2022.01.08 18:54:49 CET  Updating cluster description to  {type=STANDALONE, servers=[{address=localhost:27017, type=STANDALONE, roundTripTime=2.8 ms, state=CONNECTED}]
2022.01.08 18:54:49 CET  Checking status of localhost:27017
2022.01.08 18:54:50 CET  Sending command '{"ismaster": 1, "$db": "admin"}' with request id 38 to database admin on connection [connectionId{localValue:2, serverValue:47}] to server localhost:27017
2022.01.08 18:54:50 CET  Execution of command with request id 38 completed successfully in 1.19 ms on connection [connectionId{localValue:2, serverValue:47}] to server localhost:27017
2022.01.08 18:54:51 CET  GET "/api/v1/ingredients/27d49654-f10d-4024-ab90-976bb3c8b76f", parameters={}
2022.01.08 18:54:51 CET  Mapped to com.example.demo.controller.IngredientController#get(String)
2022.01.08 18:54:51 CET  findOne using query: { "id" : { "$java" : 27d49654-f10d-4024-ab90-976bb3c8b76f } } fields: Document{{}} for class: class com.example.demo.domain.ingredientDomain.Ingredient in collection: ingredient
2022.01.08 18:54:51 CET  findOne using query: { "_id" : { "$java" : 27d49654-f10d-4024-ab90-976bb3c8b76f } } fields: {} in db.collection: pizzeria.ingredient
2022.01.08 18:54:51 CET  Sending command '{"find": "ingredient", "filter": {"_id": {"$binary": {"base64": "JEAN8VSW1Cdvt8iza5eQqw==", "subType": "03"}}}, "limit": 1, "singleBatch": true, "$db": "pizzeria", "lsid": {"id": {"$binary": {"base64": "SKRonvetQbKLbUxqt66L9Q==", "subType": "04"}}}}' with request id 39 to database pizzeria on connection [connectionId{localValue:3, serverValue:48}] to server localhost:27017
2022.01.08 18:54:51 CET  Started async request
2022.01.08 18:54:51 CET  Exiting but response remains open for further handling
2022.01.08 18:54:51 CET  Execution of command with request id 39 completed successfully in 2.64 ms on connection [connectionId{localValue:3, serverValue:48}] to server localhost:27017
2022.01.08 18:54:51 CET  Async result set, dispatch to /api/v1/ingredients/27d49654-f10d-4024-ab90-976bb3c8b76f
2022.01.08 18:54:51 CET  "ASYNC" dispatch for GET "/api/v1/ingredients/27d49654-f10d-4024-ab90-976bb3c8b76f", parameters={}
2022.01.08 18:54:51 CET  Resume with async result [<200 OK OK,com.example.demo.application.ingredientApplication.IngredientDTO@3dfed7b1,[]>]
2022.01.08 18:54:51 CET  Using 'application/json', given [*/*] and supported [application/json]
2022.01.08 18:54:51 CET  Writing [com.example.demo.application.ingredientApplication.IngredientDTO@3dfed7b1]
2022.01.08 18:54:51 CET  Exiting from "ASYNC" dispatch, status 200
2022.01.08 18:54:59 CET  Updating cluster description to  {type=STANDALONE, servers=[{address=localhost:27017, type=STANDALONE, roundTripTime=2.6 ms, state=CONNECTED}]
2022.01.08 18:54:59 CET  Checking status of localhost:27017
2022.01.08 18:55:00 CET  Sending command '{"ismaster": 1, "$db": "admin"}' with request id 40 to database admin on connection [connectionId{localValue:2, serverValue:47}] to server localhost:27017
2022.01.08 18:55:00 CET  Execution of command with request id 40 completed successfully in 1.20 ms on connection [connectionId{localValue:2, serverValue:47}] to server localhost:27017
2022.01.08 18:55:09 CET  Updating cluster description to  {type=STANDALONE, servers=[{address=localhost:27017, type=STANDALONE, roundTripTime=2.4 ms, state=CONNECTED}]
2022.01.08 18:55:09 CET  Checking status of localhost:27017
2022.01.08 18:55:10 CET  Sending command '{"ismaster": 1, "$db": "admin"}' with request id 41 to database admin on connection [connectionId{localValue:2, serverValue:47}] to server localhost:27017
2022.01.08 18:55:10 CET  Execution of command with request id 41 completed successfully in 1.52 ms on connection [connectionId{localValue:2, serverValue:47}] to server localhost:27017
2022.01.08 18:55:19 CET  Updating cluster description to  {type=STANDALONE, servers=[{address=localhost:27017, type=STANDALONE, roundTripTime=2.4 ms, state=CONNECTED}]
2022.01.08 18:55:19 CET  Checking status of localhost:27017
2022.01.08 18:55:20 CET  Sending command '{"ismaster": 1, "$db": "admin"}' with request id 42 to database admin on connection [connectionId{localValue:2, serverValue:47}] to server localhost:27017
2022.01.08 18:55:20 CET  Execution of command with request id 42 completed successfully in 1.56 ms on connection [connectionId{localValue:2, serverValue:47}] to server localhost:27017
