2021.11.30 10:00:27 CET HV000001: Hibernate Validator 6.2.0.Final
2021.11.30 10:00:27 CET Starting DemoApplication using Java 17.0.1 on LES007948 with PID 15740 (C:\Users\daiglesi\OneDrive - Capgemini\Documents\Programming\Pizza\PizzaBackEnd\target\classes started by daiglesi in C:\Users\daiglesi\OneDrive - Capgemini\Documents\Programming\Pizza\PizzaBackEnd)
2021.11.30 10:00:27 CET No active profile set, falling back to default profiles: default
2021.11.30 10:00:29 CET Multiple Spring Data modules found, entering strict repository configuration mode!
2021.11.30 10:00:29 CET Bootstrapping Spring Data R2DBC repositories in DEFAULT mode.
2021.11.30 10:00:30 CET Finished Spring Data repository scanning in 508 ms. Found 2 R2DBC repository interfaces.
2021.11.30 10:00:30 CET Multiple Spring Data modules found, entering strict repository configuration mode!
2021.11.30 10:00:30 CET Bootstrapping Spring Data Redis repositories in DEFAULT mode.
2021.11.30 10:00:30 CET Spring Data Redis - Could not safely identify store assignment for repository candidate interface com.example.demo.infraestructure.ingredientInfraestructure.IngredientRepository. If you want this repository to be a Redis repository, consider annotating your entities with one of these annotations: org.springframework.data.redis.core.RedisHash (preferred), or consider extending one of the following types with your repository: org.springframework.data.keyvalue.repository.KeyValueRepository.
2021.11.30 10:00:30 CET Spring Data Redis - Could not safely identify store assignment for repository candidate interface com.example.demo.infraestructure.userInfraestructure.UserRepository. If you want this repository to be a Redis repository, consider annotating your entities with one of these annotations: org.springframework.data.redis.core.RedisHash (preferred), or consider extending one of the following types with your repository: org.springframework.data.keyvalue.repository.KeyValueRepository.
2021.11.30 10:00:30 CET Finished Spring Data repository scanning in 73 ms. Found 0 Redis repository interfaces.
2021.11.30 10:00:32 CET Tomcat initialized with port(s): 8080 (http)
2021.11.30 10:00:32 CET Initializing ProtocolHandler ["http-nio-8080"]
2021.11.30 10:00:32 CET Starting service [Tomcat]
2021.11.30 10:00:32 CET Starting Servlet engine: [Apache Tomcat/9.0.54]
2021.11.30 10:00:32 CET Initializing Spring embedded WebApplicationContext
2021.11.30 10:00:32 CET Root WebApplicationContext: initialization completed in 5250 ms
2021.11.30 10:00:36 CET Starting ProtocolHandler ["http-nio-8080"]
2021.11.30 10:00:36 CET Tomcat started on port(s): 8080 (http) with context path ''
2021.11.30 10:00:36 CET Started DemoApplication in 10.127 seconds (JVM running for 12.533)
2021.11.30 10:00:47 CET Initializing Spring DispatcherServlet 'dispatcherServlet'
2021.11.30 10:00:47 CET Initializing Servlet 'dispatcherServlet'
2021.11.30 10:00:47 CET Completed initialization in 9 ms
2021.11.30 10:00:50 CET User {id: 0b965689-3e44-4feb-8814-f857dcaa641c, first_name: abel, last_name: santos, email: tes43@gmail.com, rol: CUSTOMER} added succesfully.
2021.11.30 10:00:51 CET AutenticationUser {id: 0b965689-3e44-4feb-8814-f857dcaa641c, access_token: eyJhbGciOiJIUzUxMiJ9.eyJqdGkiOiJzb2Z0dGVrSldUIiwic3ViIjoiMGI5NjU2ODktM2U0NC00ZmViLTg4MTQtZjg1N2RjYWE2NDFjIiwiaWF0IjoxNjM4MjYyODUwLCJleHAiOjE2MzgyNjY0NTB9.KPChS3o7SoFpYYmfHHVQMAXL4c_k01mUmVw46QDG-qqUJreAVsh3-ipEezCXVHRu0lYOBDSny_1LU4lhYSNx1g, refresh_token: XDHZekmPoS1tFThMwijjp} added to redis succesfully.
